<!DOCTYPE html PUBLIC "-//W3C//DTD XHTML 1.1//EN" "http://www.w3.org/TR/xhtml11/DTD/xhtml11.dtd">
<html xmlns="http://www.w3.org/1999/xhtml">
<head>
<meta http-equiv="content-type" content="text/html; charset=UTF-8"/>
<title>TestNG Report</title>
<style type="text/css">table {margin-bottom:10px;border-collapse:collapse;empty-cells:show}th,td {border:1px solid #009;padding:.25em .5em}th {vertical-align:bottom}td {vertical-align:top}table a {font-weight:bold}.stripe td {background-color: #E6EBF9}.num {text-align:right}.passedodd td {background-color: #3F3}.passedeven td {background-color: #0A0}.skippedodd td {background-color: #DDD}.skippedeven td {background-color: #CCC}.failedodd td,.attn {background-color: #F33}.failedeven td,.stripe .attn {background-color: #D00}.stacktrace {white-space:pre;font-family:monospace}.totop {font-size:85%;text-align:center;border-bottom:2px solid #000}.invisible {display:none}</style>
</head>
<body>
<table>
<tr><th>Test</th><th># Passed</th><th># Skipped</th><th># Retried</th><th># Failed</th><th>Time (ms)</th><th>Included Groups</th><th>Excluded Groups</th></tr>
<tr><th colspan="7">Automation Reporto</th></tr>
<tr><td><a href="#t0">testTest</a></td><td class="num">6</td><td class="num attn">2</td><td class="num">0</td><td class="num attn">5</td><td class="num">10,301</td><td></td><td></td></tr>
</table>
<table id='summary'><thead><tr><th>Class</th><th>Method</th><th>Start</th><th>Time (ms)</th></tr></thead><tbody><tr><th colspan="4">Automation Reporto</th></tr></tbody><tbody id="t0"><tr><th colspan="4">testTest &#8212; failed</th></tr><tr class="failedeven"><td rowspan="3">com.test.sample.FunctionalSample1</td><td><a href="#m0">TestB</a></td><td rowspan="1">1570651649416</td><td rowspan="1">13</td></tr><tr class="failedeven"><td><a href="#m1">TestD</a></td><td rowspan="1">1570651649545</td><td rowspan="1">1</td></tr><tr class="failedeven"><td><a href="#m2">TestF</a></td><td rowspan="1">1570651649553</td><td rowspan="1">1</td></tr><tr class="failedodd"><td rowspan="2">functional.FunctionalSample</td><td><a href="#m3">dataProviderTest</a></td><td rowspan="1">1570651659582</td><td rowspan="1">1</td></tr><tr class="failedodd"><td><a href="#m4">failingTest</a></td><td rowspan="1">1570651659585</td><td rowspan="1">0</td></tr><tr><th colspan="4">testTest &#8212; skipped</th></tr><tr class="skippedeven"><td rowspan="1">com.test.sample.FunctionalSample1</td><td><a href="#m5">testCaseSkipException</a></td><td rowspan="1">1570651649558</td><td rowspan="1">0</td></tr><tr class="skippedodd"><td rowspan="1">functional.FunctionalSample</td><td><a href="#m6">skippingTest</a></td><td rowspan="1">1570651659595</td><td rowspan="1">0</td></tr><tr><th colspan="4">testTest &#8212; passed</th></tr><tr class="passedeven"><td rowspan="3">com.test.sample.FunctionalSample1</td><td><a href="#m7">TestA</a></td><td rowspan="1">1570651649388</td><td rowspan="1">25</td></tr><tr class="passedeven"><td><a href="#m8">TestC</a></td><td rowspan="1">1570651649441</td><td rowspan="1">104</td></tr><tr class="passedeven"><td><a href="#m9">TestE</a></td><td rowspan="1">1570651649549</td><td rowspan="1">0</td></tr><tr class="passedodd"><td rowspan="3">functional.FunctionalSample</td><td><a href="#m10">dataProviderTest</a></td><td rowspan="1">1570651659581</td><td rowspan="1">0</td></tr><tr class="passedodd"><td><a href="#m11">passingTest</a></td><td rowspan="1">1570651659588</td><td rowspan="1">0</td></tr><tr class="passedodd"><td><a href="#m12">passingTest1</a></td><td rowspan="1">1570651659589</td><td rowspan="1">1</td></tr></tbody>
</table>
<h2>testTest</h2><h3 id="m0">com.test.sample.FunctionalSample1#TestB</h3><table class="result"><tr><th>Exception</th></tr><tr><td><div class="stacktrace">java.lang.AssertionError: expected 3 but got 4 expected [4] but found [2]
	at com.test.sample.FunctionalSample1.TestB(FunctionalSample1.java:16)
	at java.util.ArrayList.forEach(ArrayList.java:1257)
... Removed 30 stack frames</div></td></tr></table><p class="totop"><a href="#summary">back to summary</a></p>
<h3 id="m1">com.test.sample.FunctionalSample1#TestD</h3><table class="result"><tr><th>Exception</th></tr><tr><td><div class="stacktrace">java.lang.AssertionError: null
	at com.test.sample.FunctionalSample1.TestD(FunctionalSample1.java:29)
	at java.util.ArrayList.forEach(ArrayList.java:1257)
... Removed 28 stack frames</div></td></tr></table><p class="totop"><a href="#summary">back to summary</a></p>
<h3 id="m2">com.test.sample.FunctionalSample1#TestF</h3><table class="result"><tr><th>Exception</th></tr><tr><td><div class="stacktrace">java.lang.AssertionError: null
	at com.test.sample.FunctionalSample1.TestF(FunctionalSample1.java:39)
	at java.util.ArrayList.forEach(ArrayList.java:1257)
... Removed 28 stack frames</div></td></tr></table><p class="totop"><a href="#summary">back to summary</a></p>
<h3 id="m3">functional.FunctionalSample#dataProviderTest</h3><table class="result"><tr class="param"><th>Parameter #1</th><th>Parameter #2</th></tr><tr class="param stripe"><td>testuser_2</td><td>Test@321</td></tr><tr><th colspan="2">Exception</th></tr><tr><td colspan="2"><div class="stacktrace">java.lang.AssertionError: expected [TestNGMetrics] but found [TestNG]
	at functional.FunctionalSample.dataProviderTest(FunctionalSample.java:42)
	at java.util.ArrayList.forEach(ArrayList.java:1257)
... Removed 31 stack frames</div></td></tr></table><p class="totop"><a href="#summary">back to summary</a></p>
<h3 id="m4">functional.FunctionalSample#failingTest</h3><table class="result"><tr><th>Exception</th></tr><tr><td><div class="stacktrace">java.lang.AssertionError: expected [Metrics] but found [TestNG]
	at functional.FunctionalSample.failingTest(FunctionalSample.java:27)
	at java.util.ArrayList.forEach(ArrayList.java:1257)
... Removed 31 stack frames</div></td></tr></table><p class="totop"><a href="#summary">back to summary</a></p>
<h3 id="m5">com.test.sample.FunctionalSample1#testCaseSkipException</h3><table class="result"><tr><th>Exception</th></tr><tr><td><div class="stacktrace">org.testng.SkipException: Skipping this exception
	at com.test.sample.FunctionalSample1.testCaseSkipException(FunctionalSample1.java:48)
	at java.util.ArrayList.forEach(ArrayList.java:1257)
... Removed 26 stack frames</div></td></tr></table><p class="totop"><a href="#summary">back to summary</a></p>
<h3 id="m6">functional.FunctionalSample#skippingTest</h3><table class="result"><tr><th>Exception</th></tr><tr><td><div class="stacktrace">java.lang.Throwable: Method FunctionalSample.skippingTest()[pri:0, instance:functional.FunctionalSample@d2cc05a] depends on not successfully finished methods
	at java.util.ArrayList.forEach(ArrayList.java:1257)
... Removed 17 stack frames</div></td></tr></table><p class="totop"><a href="#summary">back to summary</a></p>
<h3 id="m7">com.test.sample.FunctionalSample1#TestA</h3><table class="result"><tr><th class="invisible"/></tr></table><p class="totop"><a href="#summary">back to summary</a></p>
<h3 id="m8">com.test.sample.FunctionalSample1#TestC</h3><table class="result"><tr><th class="invisible"/></tr></table><p class="totop"><a href="#summary">back to summary</a></p>
<h3 id="m9">com.test.sample.FunctionalSample1#TestE</h3><table class="result"><tr><th class="invisible"/></tr></table><p class="totop"><a href="#summary">back to summary</a></p>
<h3 id="m10">functional.FunctionalSample#dataProviderTest</h3><table class="result"><tr class="param"><th>Parameter #1</th><th>Parameter #2</th></tr><tr class="param stripe"><td>testuser_1</td><td>Test@123</td></tr></table><p class="totop"><a href="#summary">back to summary</a></p>
<h3 id="m11">functional.FunctionalSample#passingTest</h3><table class="result"><tr><th class="invisible"/></tr></table><p class="totop"><a href="#summary">back to summary</a></p>
<h3 id="m12">functional.FunctionalSample#passingTest1</h3><table class="result"><tr><th class="invisible"/></tr></table><p class="totop"><a href="#summary">back to summary</a></p>
</body>
</html>
