<?xml version="1.0" encoding="UTF-8"?>
<!-- Generated by org.testng.reporters.JUnitReportReporter -->
<testsuite skipped="5" hostname="Guneets-MacBook-Air.local" name="functional.FunctionalSample" tests="6" failures="0" timestamp="2019-09-01T22:40:25 IST" time="-1567357824.000" errors="1">
  <testcase name="dataProviderTest" time="0.000" classname="functional.FunctionalSample">
    <skipped/>
  </testcase> <!-- dataProviderTest -->
  <testcase name="beforeClass" time="-1567357824.000" classname="functional.FunctionalSample">
    <error type="org.testng.TestNGException" message="
Parameter &#039;sUsername&#039; is required by BeforeClass on method beforeClass but has not been marked @Optional or defined
in /Users/guneetgarg/IdeaProjects/Reporto/testng.xml">
      <![CDATA[org.testng.TestNGException: 
Parameter 'sUsername' is required by BeforeClass on method beforeClass but has not been marked @Optional or defined
in /Users/guneetgarg/IdeaProjects/Reporto/testng.xml
at org.testng.internal.Parameters.createParams(Parameters.java:289)
at org.testng.internal.Parameters.createParametersForMethod(Parameters.java:377)
at org.testng.internal.Parameters.createParameters(Parameters.java:721)
at org.testng.internal.Parameters.createConfigurationParameters(Parameters.java:164)
at org.testng.internal.ConfigInvoker.invokeConfigurations(ConfigInvoker.java:275)
at org.testng.internal.TestMethodWorker.invokeBeforeClassMethods(TestMethodWorker.java:176)
at org.testng.internal.TestMethodWorker.run(TestMethodWorker.java:122)
at java.util.ArrayList.forEach(ArrayList.java:1257)
at org.testng.TestRunner.privateRun(TestRunner.java:770)
at org.testng.TestRunner.run(TestRunner.java:591)
at org.testng.SuiteRunner.runTest(SuiteRunner.java:402)
at org.testng.SuiteRunner.runSequentially(SuiteRunner.java:396)
at org.testng.SuiteRunner.privateRun(SuiteRunner.java:355)
at org.testng.SuiteRunner.run(SuiteRunner.java:304)
at org.testng.SuiteRunnerWorker.runSuite(SuiteRunnerWorker.java:53)
at org.testng.SuiteRunnerWorker.run(SuiteRunnerWorker.java:96)
at org.testng.TestNG.runSuitesSequentially(TestNG.java:1180)
at org.testng.TestNG.runSuitesLocally(TestNG.java:1102)
at org.testng.TestNG.runSuites(TestNG.java:1032)
at org.testng.TestNG.run(TestNG.java:1000)
at org.testng.IDEARemoteTestNG.run(IDEARemoteTestNG.java:73)
at org.testng.RemoteTestNGStarter.main(RemoteTestNGStarter.java:123)
]]>
    </error>
  </testcase> <!-- beforeClass -->
  <testcase name="dataProviderTest" time="0.000" classname="functional.FunctionalSample">
    <skipped/>
  </testcase> <!-- dataProviderTest -->
  <testcase name="failingTest" time="0.000" classname="functional.FunctionalSample">
    <skipped/>
  </testcase> <!-- failingTest -->
  <testcase name="skippingTest" time="0.000" classname="functional.FunctionalSample">
    <skipped/>
  </testcase> <!-- skippingTest -->
  <testcase name="passingTest" time="0.000" classname="functional.FunctionalSample">
    <skipped/>
  </testcase> <!-- passingTest -->
</testsuite> <!-- functional.FunctionalSample -->
