<?xml version="1.0" encoding="UTF-8"?>
<!-- Generated by org.testng.reporters.JUnitXMLReporter -->
<testsuite hostname="Guneets-MacBook-Air.local" ignored="0" name="testAAAATest" tests="10" failures="2" timestamp="2019-09-01T22:40:25 IST" time="10.051" errors="0">
  <testcase name="@BeforeClass beforeClass" time="-1.567357810084E9" classname="functional.FunctionalSample">
    <failure type="org.testng.TestNGException" message="
Parameter &amp;apos;sUsername&amp;apos; is required by BeforeClass on method beforeClass but has not been marked @Optional or defined
in /Users/guneetgarg/IdeaProjects/Reporto/testng.xml">
      <![CDATA[org.testng.TestNGException: 
Parameter 'sUsername' is required by BeforeClass on method beforeClass but has not been marked @Optional or defined
in /Users/guneetgarg/IdeaProjects/Reporto/testng.xml
at java.util.ArrayList.forEach(ArrayList.java:1257)
... Removed 21 stack frames]]>
    </failure>
  </testcase> <!-- @BeforeClass beforeClass -->
  <testcase name="@AfterClass afterClass" time="-1.567357810114E9" classname="functional.FunctionalSample">
    <skipped/>
  </testcase> <!-- @AfterClass afterClass -->
  <testcase name="dataProviderTest" time="0.0" classname="functional.FunctionalSample">
    <skipped/>
  </testcase> <!-- dataProviderTest -->
  <testcase name="dataProviderTest" time="0.0" classname="functional.FunctionalSample">
    <skipped/>
  </testcase> <!-- dataProviderTest -->
  <testcase name="failingTest" time="0.0" classname="functional.FunctionalSample">
    <skipped/>
  </testcase> <!-- failingTest -->
  <testcase name="passingTest" time="0.0" classname="functional.FunctionalSample">
    <skipped/>
  </testcase> <!-- passingTest -->
  <testcase name="skippingTest" time="0.0" classname="functional.FunctionalSample">
    <skipped/>
  </testcase> <!-- skippingTest -->
  <testcase name="TestA" time="10.005" classname="com.test.sample.FunctionalSample1"/>
  <testcase name="TestB" time="0.0" classname="com.test.sample.FunctionalSample1">
    <failure type="java.lang.AssertionError" message="expected 3 but got 4 expected [4] but found [2]">
      <![CDATA[java.lang.AssertionError: expected 3 but got 4 expected [4] but found [2]
at com.test.sample.FunctionalSample1.TestB(FunctionalSample1.java:16)
at java.util.ArrayList.forEach(ArrayList.java:1257)
... Removed 30 stack frames]]>
    </failure>
  </testcase> <!-- TestB -->
  <testcase name="TestC" time="0.001" classname="com.test.sample.FunctionalSample1"/>
  <testcase name="TestD" time="0.001" classname="com.test.sample.FunctionalSample1">
    <failure type="java.lang.AssertionError" message="null">
      <![CDATA[java.lang.AssertionError: null
at com.test.sample.FunctionalSample1.TestD(FunctionalSample1.java:27)
at java.util.ArrayList.forEach(ArrayList.java:1257)
... Removed 28 stack frames]]>
    </failure>
  </testcase> <!-- TestD -->
  <testcase name="TestE" time="0.0" classname="com.test.sample.FunctionalSample1"/>
</testsuite> <!-- testAAAATest -->
